[ 2025-07-18 15:37:33,672 ] 1025 httpx - INFO - HTTP Request: GET https://dagshub.com/api/v1/user "HTTP/1.1 200 OK"
[ 2025-07-18 15:37:33,682 ] 107 dagshub - INFO - Accessing as sanjaypal1916
[ 2025-07-18 15:37:34,101 ] 1025 httpx - INFO - HTTP Request: GET https://dagshub.com/api/v1/repos/sanjaypal1916/NetworkSecurity "HTTP/1.1 200 OK"
[ 2025-07-18 15:37:34,498 ] 1025 httpx - INFO - HTTP Request: GET https://dagshub.com/api/v1/user "HTTP/1.1 200 OK"
[ 2025-07-18 15:37:34,504 ] 107 dagshub - INFO - Initialized MLflow to track repo "sanjaypal1916/NetworkSecurity"
[ 2025-07-18 15:37:34,505 ] 107 dagshub - INFO - Repository sanjaypal1916/NetworkSecurity initialized!
[ 2025-07-18 15:37:34,514 ] 27 root - INFO - Initiate the data ingestion
[ 2025-07-18 15:37:39,821 ] 51 root - INFO - fetching the information from the database
[ 2025-07-18 15:37:40,013 ] 65 root - INFO - Exported to Feature store directory
[ 2025-07-18 15:37:40,014 ] 74 root - INFO - initiating Data Ingestion
[ 2025-07-18 15:37:40,014 ] 81 root - INFO - creating directory for train and test
[ 2025-07-18 15:37:40,022 ] 85 root - INFO - spliting the data into train and test
[ 2025-07-18 15:37:40,030 ] 88 root - INFO - loading the data to train.csv and test.csv
[ 2025-07-18 15:37:40,226 ] 92 root - INFO - completion of ingested directory
[ 2025-07-18 15:37:40,228 ] 29 root - INFO - Data Initiation Completed
[ 2025-07-18 15:37:40,235 ] 40 root - INFO - Initiate the data Validation
[ 2025-07-18 15:37:40,838 ] 42 root - INFO - data Validation Completed
[ 2025-07-18 15:37:40,839 ] 47 root - INFO - initiated data transformation
[ 2025-07-18 15:37:40,994 ] 45 root - INFO - Created Pipeline using KNNImputer
[ 2025-07-18 15:37:41,041 ] 45 root - INFO - Entered the save_object method of MainUtils class
[ 2025-07-18 15:37:41,047 ] 49 root - INFO - Exited the save_object method of MainUtils class
[ 2025-07-18 15:37:41,047 ] 82 root - INFO - Data Transformation Completed Successfully
[ 2025-07-18 15:37:41,049 ] 49 root - INFO - data transformation completed
[ 2025-07-18 15:37:41,051 ] 52 root - INFO - Model Training sstared
[ 2025-07-18 15:37:41,089 ] 63 root - INFO - Starting Optuna hyperparameter tuning...
[ 2025-07-18 15:37:56,228 ] 118 root - INFO - \u2705 Best Model: Random Forest | R2 Score: 0.9542983148046176
[ 2025-07-18 15:37:56,228 ] 119 root - INFO - \u2705 Best Params: {'model': 'Random Forest', 'rf_n_estimators': 32, 'rf_criterion': 'log_loss'}
