[ 2025-07-18 14:15:41,315 ] 1025 httpx - INFO - HTTP Request: GET https://dagshub.com/api/v1/user "HTTP/1.1 200 OK"
[ 2025-07-18 14:15:41,322 ] 107 dagshub - INFO - Accessing as sanjaypal1916
[ 2025-07-18 14:15:41,784 ] 1025 httpx - INFO - HTTP Request: GET https://dagshub.com/api/v1/repos/sanjaypal1916/NetworkSecurity "HTTP/1.1 200 OK"
[ 2025-07-18 14:15:42,250 ] 1025 httpx - INFO - HTTP Request: GET https://dagshub.com/api/v1/user "HTTP/1.1 200 OK"
[ 2025-07-18 14:15:42,254 ] 107 dagshub - INFO - Initialized MLflow to track repo "sanjaypal1916/NetworkSecurity"
[ 2025-07-18 14:15:42,256 ] 107 dagshub - INFO - Repository sanjaypal1916/NetworkSecurity initialized!
[ 2025-07-18 14:15:42,258 ] 27 root - INFO - Initiate the data ingestion
[ 2025-07-18 14:15:52,257 ] 51 root - INFO - fetching the information from the database
[ 2025-07-18 14:15:52,414 ] 65 root - INFO - Exported to Feature store directory
[ 2025-07-18 14:15:52,414 ] 74 root - INFO - initiating Data Ingestion
[ 2025-07-18 14:15:52,415 ] 81 root - INFO - creating directory for train and test
[ 2025-07-18 14:15:52,415 ] 85 root - INFO - spliting the data into train and test
[ 2025-07-18 14:15:52,420 ] 88 root - INFO - loading the data to train.csv and test.csv
[ 2025-07-18 14:15:52,591 ] 92 root - INFO - completion of ingested directory
[ 2025-07-18 14:15:52,592 ] 29 root - INFO - Data Initiation Completed
[ 2025-07-18 14:15:52,597 ] 40 root - INFO - Initiate the data Validation
[ 2025-07-18 14:15:53,111 ] 42 root - INFO - data Validation Completed
[ 2025-07-18 14:15:53,112 ] 47 root - INFO - initiated data transformation
[ 2025-07-18 14:15:53,112 ] 49 root - INFO - data transformation completed
[ 2025-07-18 14:15:53,112 ] 52 root - INFO - Model Training sstared
