[ 2025-07-18 15:06:01,055 ] 1025 httpx - INFO - HTTP Request: GET https://dagshub.com/api/v1/user "HTTP/1.1 200 OK"
[ 2025-07-18 15:06:01,063 ] 107 dagshub - INFO - Accessing as sanjaypal1916
[ 2025-07-18 15:06:01,553 ] 1025 httpx - INFO - HTTP Request: GET https://dagshub.com/api/v1/repos/sanjaypal1916/NetworkSecurity "HTTP/1.1 200 OK"
[ 2025-07-18 15:06:01,949 ] 1025 httpx - INFO - HTTP Request: GET https://dagshub.com/api/v1/user "HTTP/1.1 200 OK"
[ 2025-07-18 15:06:01,953 ] 107 dagshub - INFO - Initialized MLflow to track repo "sanjaypal1916/NetworkSecurity"
[ 2025-07-18 15:06:01,955 ] 107 dagshub - INFO - Repository sanjaypal1916/NetworkSecurity initialized!
[ 2025-07-18 15:06:01,956 ] 27 root - INFO - Initiate the data ingestion
[ 2025-07-18 15:06:07,463 ] 51 root - INFO - fetching the information from the database
[ 2025-07-18 15:06:07,695 ] 65 root - INFO - Exported to Feature store directory
[ 2025-07-18 15:06:07,695 ] 74 root - INFO - initiating Data Ingestion
[ 2025-07-18 15:06:07,695 ] 81 root - INFO - creating directory for train and test
[ 2025-07-18 15:06:07,696 ] 85 root - INFO - spliting the data into train and test
[ 2025-07-18 15:06:07,705 ] 88 root - INFO - loading the data to train.csv and test.csv
[ 2025-07-18 15:06:07,902 ] 92 root - INFO - completion of ingested directory
[ 2025-07-18 15:06:07,904 ] 29 root - INFO - Data Initiation Completed
[ 2025-07-18 15:06:07,913 ] 40 root - INFO - Initiate the data Validation
[ 2025-07-18 15:06:08,507 ] 42 root - INFO - data Validation Completed
[ 2025-07-18 15:06:08,508 ] 47 root - INFO - initiated data transformation
[ 2025-07-18 15:06:08,661 ] 45 root - INFO - Created Pipeline using KNNImputer
[ 2025-07-18 15:06:08,707 ] 45 root - INFO - Entered the save_object method of MainUtils class
[ 2025-07-18 15:06:08,718 ] 49 root - INFO - Exited the save_object method of MainUtils class
[ 2025-07-18 15:06:08,718 ] 82 root - INFO - Data Transformation Completed Successfully
[ 2025-07-18 15:06:08,722 ] 49 root - INFO - data transformation completed
[ 2025-07-18 15:06:08,723 ] 52 root - INFO - Model Training sstared
