[ 2025-07-18 16:01:30,161 ] 1025 httpx - INFO - HTTP Request: GET https://dagshub.com/api/v1/user "HTTP/1.1 200 OK"
[ 2025-07-18 16:01:30,169 ] 107 dagshub - INFO - Accessing as sanjaypal1916
[ 2025-07-18 16:01:30,628 ] 1025 httpx - INFO - HTTP Request: GET https://dagshub.com/api/v1/repos/sanjaypal1916/NetworkSecurity "HTTP/1.1 200 OK"
[ 2025-07-18 16:01:31,028 ] 1025 httpx - INFO - HTTP Request: GET https://dagshub.com/api/v1/user "HTTP/1.1 200 OK"
[ 2025-07-18 16:01:31,032 ] 107 dagshub - INFO - Initialized MLflow to track repo "sanjaypal1916/NetworkSecurity"
[ 2025-07-18 16:01:31,034 ] 107 dagshub - INFO - Repository sanjaypal1916/NetworkSecurity initialized!
[ 2025-07-18 16:01:31,042 ] 27 root - INFO - Initiate the data ingestion
[ 2025-07-18 16:01:37,420 ] 51 root - INFO - fetching the information from the database
[ 2025-07-18 16:01:37,605 ] 65 root - INFO - Exported to Feature store directory
[ 2025-07-18 16:01:37,605 ] 74 root - INFO - initiating Data Ingestion
[ 2025-07-18 16:01:37,605 ] 81 root - INFO - creating directory for train and test
[ 2025-07-18 16:01:37,614 ] 85 root - INFO - spliting the data into train and test
[ 2025-07-18 16:01:37,622 ] 88 root - INFO - loading the data to train.csv and test.csv
[ 2025-07-18 16:01:37,824 ] 92 root - INFO - completion of ingested directory
[ 2025-07-18 16:01:37,824 ] 29 root - INFO - Data Initiation Completed
[ 2025-07-18 16:01:37,831 ] 40 root - INFO - Initiate the data Validation
[ 2025-07-18 16:01:38,395 ] 42 root - INFO - data Validation Completed
[ 2025-07-18 16:01:38,396 ] 47 root - INFO - initiated data transformation
[ 2025-07-18 16:01:38,570 ] 45 root - INFO - Created Pipeline using KNNImputer
[ 2025-07-18 16:01:38,611 ] 45 root - INFO - Entered the save_object method of MainUtils class
[ 2025-07-18 16:01:38,620 ] 49 root - INFO - Exited the save_object method of MainUtils class
[ 2025-07-18 16:01:38,621 ] 82 root - INFO - Data Transformation Completed Successfully
[ 2025-07-18 16:01:38,623 ] 49 root - INFO - data transformation completed
[ 2025-07-18 16:01:38,624 ] 52 root - INFO - Model Training sstared
[ 2025-07-18 16:01:38,661 ] 77 root - INFO - Starting Optuna hyperparameter tuning...
[ 2025-07-18 16:01:53,838 ] 132 root - INFO - \u2705 Best Model: Random Forest | R2 Score: 0.9475249410108871
[ 2025-07-18 16:01:53,838 ] 133 root - INFO - \u2705 Best Params: {'model': 'Random Forest', 'rf_n_estimators': 8, 'rf_criterion': 'gini'}
[ 2025-07-18 16:01:54,019 ] 45 root - INFO - Entered the save_object method of MainUtils class
[ 2025-07-18 16:01:54,039 ] 49 root - INFO - Exited the save_object method of MainUtils class
[ 2025-07-18 16:01:54,039 ] 45 root - INFO - Entered the save_object method of MainUtils class
[ 2025-07-18 16:01:54,043 ] 49 root - INFO - Exited the save_object method of MainUtils class
[ 2025-07-18 16:02:20,100 ] 57 root - INFO - Model Training artifact created
