[ 2025-07-18 15:33:39,225 ] 1025 httpx - INFO - HTTP Request: GET https://dagshub.com/api/v1/user "HTTP/1.1 200 OK"
[ 2025-07-18 15:33:39,235 ] 107 dagshub - INFO - Accessing as sanjaypal1916
[ 2025-07-18 15:33:39,740 ] 1025 httpx - INFO - HTTP Request: GET https://dagshub.com/api/v1/repos/sanjaypal1916/NetworkSecurity "HTTP/1.1 200 OK"
[ 2025-07-18 15:33:40,256 ] 1025 httpx - INFO - HTTP Request: GET https://dagshub.com/api/v1/user "HTTP/1.1 200 OK"
[ 2025-07-18 15:33:40,265 ] 107 dagshub - INFO - Initialized MLflow to track repo "sanjaypal1916/NetworkSecurity"
[ 2025-07-18 15:33:40,266 ] 107 dagshub - INFO - Repository sanjaypal1916/NetworkSecurity initialized!
[ 2025-07-18 15:33:40,275 ] 27 root - INFO - Initiate the data ingestion
[ 2025-07-18 15:33:45,674 ] 51 root - INFO - fetching the information from the database
[ 2025-07-18 15:33:45,926 ] 65 root - INFO - Exported to Feature store directory
[ 2025-07-18 15:33:45,926 ] 74 root - INFO - initiating Data Ingestion
[ 2025-07-18 15:33:45,927 ] 81 root - INFO - creating directory for train and test
[ 2025-07-18 15:33:45,928 ] 85 root - INFO - spliting the data into train and test
[ 2025-07-18 15:33:45,941 ] 88 root - INFO - loading the data to train.csv and test.csv
[ 2025-07-18 15:33:46,214 ] 92 root - INFO - completion of ingested directory
[ 2025-07-18 15:33:46,216 ] 29 root - INFO - Data Initiation Completed
[ 2025-07-18 15:33:46,225 ] 40 root - INFO - Initiate the data Validation
[ 2025-07-18 15:33:46,873 ] 42 root - INFO - data Validation Completed
[ 2025-07-18 15:33:46,875 ] 47 root - INFO - initiated data transformation
[ 2025-07-18 15:33:47,059 ] 45 root - INFO - Created Pipeline using KNNImputer
[ 2025-07-18 15:33:47,118 ] 45 root - INFO - Entered the save_object method of MainUtils class
[ 2025-07-18 15:33:47,132 ] 49 root - INFO - Exited the save_object method of MainUtils class
[ 2025-07-18 15:33:47,132 ] 82 root - INFO - Data Transformation Completed Successfully
[ 2025-07-18 15:33:47,138 ] 49 root - INFO - data transformation completed
[ 2025-07-18 15:33:47,139 ] 52 root - INFO - Model Training sstared
[ 2025-07-18 15:33:47,184 ] 72 root - INFO - Starting Optuna hyperparameter tuning...
[ 2025-07-18 15:35:12,691 ] 127 root - INFO - \u2705 Best Model: Random Forest | R2 Score: 0.9425454981063572
[ 2025-07-18 15:35:12,691 ] 128 root - INFO - \u2705 Best Params: {'model': 'Random Forest', 'rf_n_estimators': 128, 'rf_criterion': 'gini'}
